* using log directory ‘/home/marc/catosmamenities/catosmamenities.Rcheck’
* using R version 4.1.2 (2021-11-01)
* using platform: x86_64-pc-linux-gnu (64-bit)
* using session charset: UTF-8
* checking for file ‘catosmamenities/DESCRIPTION’ ... OK
* this is package ‘catosmamenities’ version ‘0.0.0.9000’
* package encoding: UTF-8
* checking package namespace information ... OK
* checking package dependencies ... ERROR
Packages required but not available:
  'withr', 'cli', 'glue', 'httr', 'jsonlite', 'lifecycle', 'osmdata',
  'rlang', 'rvest', 'sf', 'tidyverse', 'dplyr', 'tidyr', 'tidyselect',
  'tmap', 'tmaptools', 'stringr'

Package suggested but not available: ‘testthat’

The suggested packages are required for a complete check.
Checking can be attempted without them by setting the environment
variable _R_CHECK_FORCE_SUGGESTS_ to a false value.

See section ‘The DESCRIPTION file’ in the ‘Writing R Extensions’
manual.
* DONE
Status: 1 ERROR
